-2 entries found - Man.Of.Steel.2013.720p.BluRay.x264.YIFI.ENG.srt_mormonized.srt
-23 entries found - the.matrix.1999.dvd9.720p.hddvd.x264.srt_mormonized.srt
0 entries found - THERE_BE_DRAGONS_(2011)_-_English_subtitles_for_YIFI_720p.srt_mormonized.srt
0 entries found - THERE_BE_DRAGONS_(2011)_-_English_subtitles_for_YIFI_720p.srt_mormonized.srt
0 entries found - THERE_BE_DRAGONS_(2011)_-_English_subtitles_for_YIFI_720p.srt_mormonized.srt
-12 entries found - THERE_BE_DRAGONS_(2011)_-_English_subtitles_for_YIFI_720p-2.srt_mormonized.srt
-65 entries found - Live.Free.or.Die.Hard.2007.720p.x264.srt_mormonized.srt
-207 entries found - Exists.2014.720p.All-Bluray.srt_mormonized.srt
-23 entries found - the.matrix.1999.dvd9.720p.hddvd.x264.srt_mormonized.srt
-23 entries found - the.matrix.1999.dvd9.720p.hddvd.x264.srt_mormonized.srt
-2 entries found - Man.Of.Steel.2013.720p.BluRay.x264.YIFI.ENG.srt_mormonized.srt
0 entries found - The.Expanse.S01E06.HDTV.x264-FLEET.srt_mormonized.srt
-7 entries found - The.Expanse.S01E06.HDTV.x264-FLEET.srt_mormonized.srt
-12 entries found - The.Expanse.S01E07.HDTV.x264-KILLERS-HI.srt_mormonized.srt
-14 entries found - The.Expanse.S01E08.720p.HDTV.x264-KILLERS.srt_mormonized.srt
-10 entries found - The.Expanse.S01E09.720p.HDTV.x264-KILLERS.srt_mormonized.srt
-12 entries found - The.Expanse.S01E10.720p.HDTV.x264-KILLERS.srt_mormonized.srt
-8 entries found - Spectre.2015.REAL.720P.HDTS.x1GB.MkvCage.srt_mormonized.srt
-1 entries found - The.Age.of.Adaline.2015.FRE.Bluray.1080p.TrueHD-7.1.Atmos.x264-Grym.srt_mormonized.srt
0 entries found - MrNobody.srt_mormonized.srt
-20 entries found - /Users/tania/Downloads/the.martian.(2015).eng.1cd.(6433687)/The.Martian.2015.HDRip.XviD-ETRG.srt_mormonized.srt
-1 entries found - /Volumes/LaCie/Downloads/Completed2/Spectre.2015.720p.BRRip.x264.AAC-ETRG/Spectre.2015.720p.BRRip.x264.AAC-ETRG.srt_mormonized.srt
-23 entries found - The.Lady.in.the.Van.2015.720p.BluRay.X264-AMIABLE_3.srt_mormonized.srt
-16 entries found - /Users/aidenryan/Downloads/Paper.Towns.2015.720p.BluRay.x264-ALLiANCE_2.srt_mormonized.srt
-22 entries found - /Users/aidenryan/Downloads/San.Andreas.2015.720p.BluRay.x264-YIFY.srt_mormonized.srt
0 entries found - /Users/aidenryan/Downloads/Bridge.of.Spies.2015.DVDRip.XviD.AC3-EVO.srt_mormonized.srt
-9 entries found - /Users/aidenryan/Downloads/Bridge.of.Spies.2015.BDRip.x264-SPARKS.srt_mormonized.srt
-36 entries found - /Users/aidenryan/Downloads/Daddys.Home.2015.BDRip.x264-GECKOS.srt_mormonized.srt
-17 entries found - /Users/aidenryan/Downloads/The.Dressmaker.2015.720p.BluRay.x264.YIFY_[YTS.AG]-1.srt_mormonized.srt
-17 entries found - /Users/aidenryan/Downloads/The.Dressmaker.2015.720p.BluRay.x264.YIFY_[YTS.AG]-1.srt_mormonized.srt
-13 entries found - /Users/aidenryan/Downloads/The.Dressmaker.2015.720p.BluRay.x264.YIFY_[YTS.AG]-1.srt_mormonized.srt
